# JRE version: Java(TM) SE Runtime Environment (8.0_25-b17) (build 1.8.0_25-b17)
# Java VM: Java HotSpot(TM) 64-Bit Server VM (25.25-b02 mixed mode linux-amd64 compressed oops)
Heap:
 PSYoungGen      total 231936K, used 83859K [0x00000000eab00000, 0x00000000faa00000, 0x0000000100000000)
  eden space 218112K, 32% used [0x00000000eab00000,0x00000000eef66070,0x00000000f8000000)
  from space 13824K, 99% used [0x00000000f9300000,0x00000000fa07ef70,0x00000000fa080000)
  to   space 19456K, 0% used [0x00000000f8000000,0x00000000f8000000,0x00000000f9300000)
 ParOldGen       total 65024K, used 41898K [0x00000000c0000000, 0x00000000c3f80000, 0x00000000eab00000)
  object space 65024K, 64% used [0x00000000c0000000,0x00000000c28eaaa8,0x00000000c3f80000)
 Metaspace       used 57261K, capacity 63554K, committed 63704K, reserved 1103872K
  class space    used 7190K, capacity 8916K, committed 8960K, reserved 1048576K
GC Heap History (10 events):
Event: 17,062 GC heap before
{Heap before GC invocations=21 (full 2):
 PSYoungGen      total 175104K, used 167648K [0x00000000eab00000, 0x00000000f6180000, 0x0000000100000000)
  eden space 167424K, 100% used [0x00000000eab00000,0x00000000f4e80000,0x00000000f4e80000)
  from space 7680K, 2% used [0x00000000f5a00000,0x00000000f5a38000,0x00000000f6180000)
  to   space 9728K, 0% used [0x00000000f4e80000,0x00000000f4e80000,0x00000000f5800000)
 ParOldGen       total 51200K, used 25655K [0x00000000c0000000, 0x00000000c3200000, 0x00000000eab00000)
  object space 51200K, 50% used [0x00000000c0000000,0x00000000c190df70,0x00000000c3200000)
 Metaspace       used 32379K, capacity 35332K, committed 35584K, reserved 1081344K
  class space    used 3475K, capacity 4283K, committed 4352K, reserved 1048576K
Event: 17,075 GC heap after
Heap after GC invocations=21 (full 2):
 PSYoungGen      total 177152K, used 7161K [0x00000000eab00000, 0x00000000f8000000, 0x0000000100000000)
  eden space 167424K, 0% used [0x00000000eab00000,0x00000000eab00000,0x00000000f4e80000)
  from space 9728K, 73% used [0x00000000f4e80000,0x00000000f557e570,0x00000000f5800000)
  to   space 10240K, 0% used [0x00000000f7600000,0x00000000f7600000,0x00000000f8000000)
 ParOldGen       total 51200K, used 25711K [0x00000000c0000000, 0x00000000c3200000, 0x00000000eab00000)
  object space 51200K, 50% used [0x00000000c0000000,0x00000000c191bf70,0x00000000c3200000)
 Metaspace       used 32379K, capacity 35332K, committed 35584K, reserved 1081344K
  class space    used 3475K, capacity 4283K, committed 4352K, reserved 1048576K
}
Event: 18,821 GC heap before
{Heap before GC invocations=22 (full 2):
 PSYoungGen      total 177152K, used 99959K [0x00000000eab00000, 0x00000000f8000000, 0x0000000100000000)
  eden space 167424K, 55% used [0x00000000eab00000,0x00000000f059f7e0,0x00000000f4e80000)
  from space 9728K, 73% used [0x00000000f4e80000,0x00000000f557e570,0x00000000f5800000)
  to   space 10240K, 0% used [0x00000000f7600000,0x00000000f7600000,0x00000000f8000000)
 ParOldGen       total 51200K, used 25711K [0x00000000c0000000, 0x00000000c3200000, 0x00000000eab00000)
  object space 51200K, 50% used [0x00000000c0000000,0x00000000c191bf70,0x00000000c3200000)
 Metaspace       used 36444K, capacity 39840K, committed 39896K, reserved 1083392K
  class space    used 4138K, capacity 5085K, committed 5120K, reserved 1048576K
Event: 18,838 GC heap after
Heap after GC invocations=22 (full 2):
 PSYoungGen      total 205312K, used 10219K [0x00000000eab00000, 0x00000000f8580000, 0x0000000100000000)
  eden space 195072K, 0% used [0x00000000eab00000,0x00000000eab00000,0x00000000f6980000)
  from space 10240K, 99% used [0x00000000f7600000,0x00000000f7ffaeb8,0x00000000f8000000)
  to   space 12800K, 0% used [0x00000000f6980000,0x00000000f6980000,0x00000000f7600000)
 ParOldGen       total 51200K, used 27916K [0x00000000c0000000, 0x00000000c3200000, 0x00000000eab00000)
  object space 51200K, 54% used [0x00000000c0000000,0x00000000c1b43170,0x00000000c3200000)
 Metaspace       used 36444K, capacity 39840K, committed 39896K, reserved 1083392K
  class space    used 4138K, capacity 5085K, committed 5120K, reserved 1048576K
}
Event: 18,838 GC heap before
{Heap before GC invocations=23 (full 3):
 PSYoungGen      total 205312K, used 10219K [0x00000000eab00000, 0x00000000f8580000, 0x0000000100000000)
  eden space 195072K, 0% used [0x00000000eab00000,0x00000000eab00000,0x00000000f6980000)
  from space 10240K, 99% used [0x00000000f7600000,0x00000000f7ffaeb8,0x00000000f8000000)
  to   space 12800K, 0% used [0x00000000f6980000,0x00000000f6980000,0x00000000f7600000)
 ParOldGen       total 51200K, used 27916K [0x00000000c0000000, 0x00000000c3200000, 0x00000000eab00000)
  object space 51200K, 54% used [0x00000000c0000000,0x00000000c1b43170,0x00000000c3200000)
 Metaspace       used 36444K, capacity 39840K, committed 39896K, reserved 1083392K
  class space    used 4138K, capacity 5085K, committed 5120K, reserved 1048576K
Event: 18,955 GC heap after
Heap after GC invocations=23 (full 3):
 PSYoungGen      total 205312K, used 0K [0x00000000eab00000, 0x00000000f8580000, 0x0000000100000000)
  eden space 195072K, 0% used [0x00000000eab00000,0x00000000eab00000,0x00000000f6980000)
  from space 10240K, 0% used [0x00000000f7600000,0x00000000f7600000,0x00000000f8000000)
  to   space 12800K, 0% used [0x00000000f6980000,0x00000000f6980000,0x00000000f7600000)
 ParOldGen       total 65024K, used 32870K [0x00000000c0000000, 0x00000000c3f80000, 0x00000000eab00000)
  object space 65024K, 50% used [0x00000000c0000000,0x00000000c2019890,0x00000000c3f80000)
 Metaspace       used 36444K, capacity 39840K, committed 39896K, reserved 1083392K
  class space    used 4138K, capacity 5085K, committed 5120K, reserved 1048576K
}
Event: 22,545 GC heap before
{Heap before GC invocations=24 (full 3):
 PSYoungGen      total 205312K, used 195072K [0x00000000eab00000, 0x00000000f8580000, 0x0000000100000000)
  eden space 195072K, 100% used [0x00000000eab00000,0x00000000f6980000,0x00000000f6980000)
  from space 10240K, 0% used [0x00000000f7600000,0x00000000f7600000,0x00000000f8000000)
  to   space 12800K, 0% used [0x00000000f6980000,0x00000000f6980000,0x00000000f7600000)
 ParOldGen       total 65024K, used 32870K [0x00000000c0000000, 0x00000000c3f80000, 0x00000000eab00000)
  object space 65024K, 50% used [0x00000000c0000000,0x00000000c2019890,0x00000000c3f80000)
 Metaspace       used 44757K, capacity 49302K, committed 49624K, reserved 1091584K
  class space    used 5488K, capacity 6793K, committed 6912K, reserved 1048576K
Event: 22,557 GC heap after
Heap after GC invocations=24 (full 3):
 PSYoungGen      total 207872K, used 9583K [0x00000000eab00000, 0x00000000fa080000, 0x0000000100000000)
  eden space 195072K, 0% used [0x00000000eab00000,0x00000000eab00000,0x00000000f6980000)
  from space 12800K, 74% used [0x00000000f6980000,0x00000000f72dbf08,0x00000000f7600000)
  to   space 13824K, 0% used [0x00000000f9300000,0x00000000f9300000,0x00000000fa080000)
 ParOldGen       total 65024K, used 32878K [0x00000000c0000000, 0x00000000c3f80000, 0x00000000eab00000)
  object space 65024K, 50% used [0x00000000c0000000,0x00000000c201b890,0x00000000c3f80000)
 Metaspace       used 44757K, capacity 49302K, committed 49624K, reserved 1091584K
  class space    used 5488K, capacity 6793K, committed 6912K, reserved 1048576K
}
Event: 25,162 GC heap before
{Heap before GC invocations=25 (full 3):
 PSYoungGen      total 207872K, used 204655K [0x00000000eab00000, 0x00000000fa080000, 0x0000000100000000)
  eden space 195072K, 100% used [0x00000000eab00000,0x00000000f6980000,0x00000000f6980000)
  from space 12800K, 74% used [0x00000000f6980000,0x00000000f72dbf08,0x00000000f7600000)
  to   space 13824K, 0% used [0x00000000f9300000,0x00000000f9300000,0x00000000fa080000)
 ParOldGen       total 65024K, used 32878K [0x00000000c0000000, 0x00000000c3f80000, 0x00000000eab00000)
  object space 65024K, 50% used [0x00000000c0000000,0x00000000c201b890,0x00000000c3f80000)
 Metaspace       used 53277K, capacity 58998K, committed 59224K, reserved 1099776K
  class space    used 6626K, capacity 8228K, committed 8320K, reserved 1048576K
Event: 25,176 GC heap after
Heap after GC invocations=25 (full 3):
 PSYoungGen      total 231936K, used 13819K [0x00000000eab00000, 0x00000000faa00000, 0x0000000100000000)
  eden space 218112K, 0% used [0x00000000eab00000,0x00000000eab00000,0x00000000f8000000)
  from space 13824K, 99% used [0x00000000f9300000,0x00000000fa07ef70,0x00000000fa080000)
  to   space 19456K, 0% used [0x00000000f8000000,0x00000000f8000000,0x00000000f9300000)
 ParOldGen       total 65024K, used 41898K [0x00000000c0000000, 0x00000000c3f80000, 0x00000000eab00000)
  object space 65024K, 64% used [0x00000000c0000000,0x00000000c28eaaa8,0x00000000c3f80000)
 Metaspace       used 53277K, capacity 58998K, committed 59224K, reserved 1099776K
  class space    used 6626K, capacity 8228K, committed 8320K, reserved 1048576K
}

