# JRE version: Java(TM) SE Runtime Environment (8.0_25-b17) (build 1.8.0_25-b17)
# Java VM: Java HotSpot(TM) 64-Bit Server VM (25.25-b02 mixed mode linux-amd64 compressed oops)
Heap:
 PSYoungGen      total 211456K, used 181612K [0x00000000eab00000, 0x00000000f9c00000, 0x0000000100000000)
  eden space 197632K, 88% used [0x00000000eab00000,0x00000000f569e300,0x00000000f6c00000)
  from space 13824K, 42% used [0x00000000f6c00000,0x00000000f71bd0d0,0x00000000f7980000)
  to   space 13312K, 0% used [0x00000000f8f00000,0x00000000f8f00000,0x00000000f9c00000)
 ParOldGen       total 65536K, used 33006K [0x00000000c0000000, 0x00000000c4000000, 0x00000000eab00000)
  object space 65536K, 50% used [0x00000000c0000000,0x00000000c203ba60,0x00000000c4000000)
 Metaspace       used 49060K, capacity 54344K, committed 54528K, reserved 1095680K
  class space    used 6065K, capacity 7599K, committed 7680K, reserved 1048576K
GC Heap History (10 events):
Event: 20,356 GC heap before
{Heap before GC invocations=22 (full 2):
 PSYoungGen      total 161280K, used 155614K [0x00000000eab00000, 0x00000000f8100000, 0x0000000100000000)
  eden space 154112K, 100% used [0x00000000eab00000,0x00000000f4180000,0x00000000f4180000)
  from space 7168K, 20% used [0x00000000f4180000,0x00000000f42f7928,0x00000000f4880000)
  to   space 10240K, 0% used [0x00000000f7700000,0x00000000f7700000,0x00000000f8100000)
 ParOldGen       total 59392K, used 35001K [0x00000000c0000000, 0x00000000c3a00000, 0x00000000eab00000)
  object space 59392K, 58% used [0x00000000c0000000,0x00000000c222e6d8,0x00000000c3a00000)
 Metaspace       used 21668K, capacity 22600K, committed 22784K, reserved 1069056K
  class space    used 2257K, capacity 2531K, committed 2560K, reserved 1048576K
Event: 20,365 GC heap after
Heap after GC invocations=22 (full 2):
 PSYoungGen      total 179712K, used 2539K [0x00000000eab00000, 0x00000000f7980000, 0x0000000100000000)
  eden space 177152K, 0% used [0x00000000eab00000,0x00000000eab00000,0x00000000f5800000)
  from space 2560K, 99% used [0x00000000f7700000,0x00000000f797acc0,0x00000000f7980000)
  to   space 10240K, 0% used [0x00000000f6580000,0x00000000f6580000,0x00000000f6f80000)
 ParOldGen       total 59392K, used 36521K [0x00000000c0000000, 0x00000000c3a00000, 0x00000000eab00000)
  object space 59392K, 61% used [0x00000000c0000000,0x00000000c23aa6d8,0x00000000c3a00000)
 Metaspace       used 21668K, capacity 22600K, committed 22784K, reserved 1069056K
  class space    used 2257K, capacity 2531K, committed 2560K, reserved 1048576K
}
Event: 23,685 GC heap before
{Heap before GC invocations=23 (full 2):
 PSYoungGen      total 179712K, used 179691K [0x00000000eab00000, 0x00000000f7980000, 0x0000000100000000)
  eden space 177152K, 100% used [0x00000000eab00000,0x00000000f5800000,0x00000000f5800000)
  from space 2560K, 99% used [0x00000000f7700000,0x00000000f797acc0,0x00000000f7980000)
  to   space 10240K, 0% used [0x00000000f6580000,0x00000000f6580000,0x00000000f6f80000)
 ParOldGen       total 59392K, used 36521K [0x00000000c0000000, 0x00000000c3a00000, 0x00000000eab00000)
  object space 59392K, 61% used [0x00000000c0000000,0x00000000c23aa6d8,0x00000000c3a00000)
 Metaspace       used 26699K, capacity 28580K, committed 28672K, reserved 1075200K
  class space    used 2754K, capacity 3267K, committed 3328K, reserved 1048576K
Event: 23,702 GC heap after
Heap after GC invocations=23 (full 2):
 PSYoungGen      total 201216K, used 6148K [0x00000000eab00000, 0x00000000f8380000, 0x0000000100000000)
  eden space 190976K, 0% used [0x00000000eab00000,0x00000000eab00000,0x00000000f6580000)
  from space 10240K, 60% used [0x00000000f6580000,0x00000000f6b81358,0x00000000f6f80000)
  to   space 10240K, 0% used [0x00000000f7980000,0x00000000f7980000,0x00000000f8380000)
 ParOldGen       total 59392K, used 36529K [0x00000000c0000000, 0x00000000c3a00000, 0x00000000eab00000)
  object space 59392K, 61% used [0x00000000c0000000,0x00000000c23ac6d8,0x00000000c3a00000)
 Metaspace       used 26699K, capacity 28580K, committed 28672K, reserved 1075200K
  class space    used 2754K, capacity 3267K, committed 3328K, reserved 1048576K
}
Event: 29,688 GC heap before
{Heap before GC invocations=24 (full 2):
 PSYoungGen      total 201216K, used 171337K [0x00000000eab00000, 0x00000000f8380000, 0x0000000100000000)
  eden space 190976K, 86% used [0x00000000eab00000,0x00000000f4c512e8,0x00000000f6580000)
  from space 10240K, 60% used [0x00000000f6580000,0x00000000f6b81358,0x00000000f6f80000)
  to   space 10240K, 0% used [0x00000000f7980000,0x00000000f7980000,0x00000000f8380000)
 ParOldGen       total 59392K, used 36529K [0x00000000c0000000, 0x00000000c3a00000, 0x00000000eab00000)
  object space 59392K, 61% used [0x00000000c0000000,0x00000000c23ac6d8,0x00000000c3a00000)
 Metaspace       used 34341K, capacity 37768K, committed 37976K, reserved 1083392K
  class space    used 3805K, capacity 4759K, committed 4864K, reserved 1048576K
Event: 29,707 GC heap after
Heap after GC invocations=24 (full 2):
 PSYoungGen      total 207872K, used 10233K [0x00000000eab00000, 0x00000000f9700000, 0x0000000100000000)
  eden space 197632K, 0% used [0x00000000eab00000,0x00000000eab00000,0x00000000f6c00000)
  from space 10240K, 99% used [0x00000000f7980000,0x00000000f837e7f8,0x00000000f8380000)
  to   space 13824K, 0% used [0x00000000f6c00000,0x00000000f6c00000,0x00000000f7980000)
 ParOldGen       total 59392K, used 42033K [0x00000000c0000000, 0x00000000c3a00000, 0x00000000eab00000)
  object space 59392K, 70% used [0x00000000c0000000,0x00000000c290c408,0x00000000c3a00000)
 Metaspace       used 34341K, capacity 37768K, committed 37976K, reserved 1083392K
  class space    used 3805K, capacity 4759K, committed 4864K, reserved 1048576K
}
Event: 29,707 GC heap before
{Heap before GC invocations=25 (full 3):
 PSYoungGen      total 207872K, used 10233K [0x00000000eab00000, 0x00000000f9700000, 0x0000000100000000)
  eden space 197632K, 0% used [0x00000000eab00000,0x00000000eab00000,0x00000000f6c00000)
  from space 10240K, 99% used [0x00000000f7980000,0x00000000f837e7f8,0x00000000f8380000)
  to   space 13824K, 0% used [0x00000000f6c00000,0x00000000f6c00000,0x00000000f7980000)
 ParOldGen       total 59392K, used 42033K [0x00000000c0000000, 0x00000000c3a00000, 0x00000000eab00000)
  object space 59392K, 70% used [0x00000000c0000000,0x00000000c290c408,0x00000000c3a00000)
 Metaspace       used 34341K, capacity 37768K, committed 37976K, reserved 1083392K
  class space    used 3805K, capacity 4759K, committed 4864K, reserved 1048576K
Event: 29,819 GC heap after
Heap after GC invocations=25 (full 3):
 PSYoungGen      total 207872K, used 0K [0x00000000eab00000, 0x00000000f9700000, 0x0000000100000000)
  eden space 197632K, 0% used [0x00000000eab00000,0x00000000eab00000,0x00000000f6c00000)
  from space 10240K, 0% used [0x00000000f7980000,0x00000000f7980000,0x00000000f8380000)
  to   space 13824K, 0% used [0x00000000f6c00000,0x00000000f6c00000,0x00000000f7980000)
 ParOldGen       total 65536K, used 32998K [0x00000000c0000000, 0x00000000c4000000, 0x00000000eab00000)
  object space 65536K, 50% used [0x00000000c0000000,0x00000000c2039a60,0x00000000c4000000)
 Metaspace       used 34341K, capacity 37768K, committed 37976K, reserved 1083392K
  class space    used 3805K, capacity 4759K, committed 4864K, reserved 1048576K
}
Event: 34,452 GC heap before
{Heap before GC invocations=26 (full 3):
 PSYoungGen      total 207872K, used 197632K [0x00000000eab00000, 0x00000000f9700000, 0x0000000100000000)
  eden space 197632K, 100% used [0x00000000eab00000,0x00000000f6c00000,0x00000000f6c00000)
  from space 10240K, 0% used [0x00000000f7980000,0x00000000f7980000,0x00000000f8380000)
  to   space 13824K, 0% used [0x00000000f6c00000,0x00000000f6c00000,0x00000000f7980000)
 ParOldGen       total 65536K, used 32998K [0x00000000c0000000, 0x00000000c4000000, 0x00000000eab00000)
  object space 65536K, 50% used [0x00000000c0000000,0x00000000c2039a60,0x00000000c4000000)
 Metaspace       used 41232K, capacity 45114K, committed 45440K, reserved 1089536K
  class space    used 4980K, capacity 6145K, committed 6272K, reserved 1048576K
Event: 34,458 GC heap after
Heap after GC invocations=26 (full 3):
 PSYoungGen      total 211456K, used 5876K [0x00000000eab00000, 0x00000000f9c00000, 0x0000000100000000)
  eden space 197632K, 0% used [0x00000000eab00000,0x00000000eab00000,0x00000000f6c00000)
  from space 13824K, 42% used [0x00000000f6c00000,0x00000000f71bd0d0,0x00000000f7980000)
  to   space 13312K, 0% used [0x00000000f8f00000,0x00000000f8f00000,0x00000000f9c00000)
 ParOldGen       total 65536K, used 33006K [0x00000000c0000000, 0x00000000c4000000, 0x00000000eab00000)
  object space 65536K, 50% used [0x00000000c0000000,0x00000000c203ba60,0x00000000c4000000)
 Metaspace       used 41232K, capacity 45114K, committed 45440K, reserved 1089536K
  class space    used 4980K, capacity 6145K, committed 6272K, reserved 1048576K
}

