# JRE version: Java(TM) SE Runtime Environment (8.0_25-b17) (build 1.8.0_25-b17)
# Java VM: Java HotSpot(TM) 64-Bit Server VM (25.25-b02 mixed mode linux-amd64 compressed oops)
Heap:
 PSYoungGen      total 116736K, used 5745K [0x00000000f0000000, 0x00000000f7880000, 0x0000000100000000)
  eden space 110080K, 1% used [0x00000000f0000000,0x00000000f014c490,0x00000000f6b80000)
  from space 6656K, 66% used [0x00000000f7200000,0x00000000f7650010,0x00000000f7880000)
  to   space 6656K, 0% used [0x00000000f6b80000,0x00000000f6b80000,0x00000000f7200000)
 ParOldGen       total 22016K, used 13850K [0x00000000d0000000, 0x00000000d1580000, 0x00000000f0000000)
  object space 22016K, 62% used [0x00000000d0000000,0x00000000d0d86848,0x00000000d1580000)
 Metaspace       used 17410K, capacity 18224K, committed 18432K, reserved 1064960K
  class space    used 1867K, capacity 2047K, committed 2048K, reserved 1048576K
GC Heap History (10 events):
Event: 0,935 GC heap before
{Heap before GC invocations=6 (full 0):
 PSYoungGen      total 18432K, used 18432K [0x00000000f0000000, 0x00000000f2800000, 0x0000000100000000)
  eden space 17408K, 100% used [0x00000000f0000000,0x00000000f1100000,0x00000000f1100000)
  from space 1024K, 100% used [0x00000000f1100000,0x00000000f1200000,0x00000000f1200000)
  to   space 3072K, 0% used [0x00000000f2500000,0x00000000f2500000,0x00000000f2800000)
 ParOldGen       total 22016K, used 6828K [0x00000000d0000000, 0x00000000d1580000, 0x00000000f0000000)
  object space 22016K, 31% used [0x00000000d0000000,0x00000000d06ab2b0,0x00000000d1580000)
 Metaspace       used 15605K, capacity 15722K, committed 15872K, reserved 1062912K
  class space    used 1670K, capacity 1725K, committed 1792K, reserved 1048576K
Event: 0,940 GC heap after
Heap after GC invocations=6 (full 0):
 PSYoungGen      total 37888K, used 2144K [0x00000000f0000000, 0x00000000f2800000, 0x0000000100000000)
  eden space 34816K, 0% used [0x00000000f0000000,0x00000000f0000000,0x00000000f2200000)
  from space 3072K, 69% used [0x00000000f2500000,0x00000000f2718000,0x00000000f2800000)
  to   space 3072K, 0% used [0x00000000f2200000,0x00000000f2200000,0x00000000f2500000)
 ParOldGen       total 22016K, used 6836K [0x00000000d0000000, 0x00000000d1580000, 0x00000000f0000000)
  object space 22016K, 31% used [0x00000000d0000000,0x00000000d06ad2b0,0x00000000d1580000)
 Metaspace       used 15605K, capacity 15722K, committed 15872K, reserved 1062912K
  class space    used 1670K, capacity 1725K, committed 1792K, reserved 1048576K
}
Event: 1,162 GC heap before
{Heap before GC invocations=7 (full 0):
 PSYoungGen      total 37888K, used 36960K [0x00000000f0000000, 0x00000000f2800000, 0x0000000100000000)
  eden space 34816K, 100% used [0x00000000f0000000,0x00000000f2200000,0x00000000f2200000)
  from space 3072K, 69% used [0x00000000f2500000,0x00000000f2718000,0x00000000f2800000)
  to   space 3072K, 0% used [0x00000000f2200000,0x00000000f2200000,0x00000000f2500000)
 ParOldGen       total 22016K, used 6836K [0x00000000d0000000, 0x00000000d1580000, 0x00000000f0000000)
  object space 22016K, 31% used [0x00000000d0000000,0x00000000d06ad2b0,0x00000000d1580000)
 Metaspace       used 15816K, capacity 16042K, committed 16384K, reserved 1064960K
  class space    used 1675K, capacity 1725K, committed 1792K, reserved 1048576K
Event: 1,176 GC heap after
Heap after GC invocations=7 (full 0):
 PSYoungGen      total 37888K, used 3072K [0x00000000f0000000, 0x00000000f4c00000, 0x0000000100000000)
  eden space 34816K, 0% used [0x00000000f0000000,0x00000000f0000000,0x00000000f2200000)
  from space 3072K, 100% used [0x00000000f2200000,0x00000000f2500000,0x00000000f2500000)
  to   space 4096K, 0% used [0x00000000f4800000,0x00000000f4800000,0x00000000f4c00000)
 ParOldGen       total 22016K, used 7878K [0x00000000d0000000, 0x00000000d1580000, 0x00000000f0000000)
  object space 22016K, 35% used [0x00000000d0000000,0x00000000d07b1a50,0x00000000d1580000)
 Metaspace       used 15816K, capacity 16042K, committed 16384K, reserved 1064960K
  class space    used 1675K, capacity 1725K, committed 1792K, reserved 1048576K
}
Event: 1,343 GC heap before
{Heap before GC invocations=8 (full 0):
 PSYoungGen      total 37888K, used 37888K [0x00000000f0000000, 0x00000000f4c00000, 0x0000000100000000)
  eden space 34816K, 100% used [0x00000000f0000000,0x00000000f2200000,0x00000000f2200000)
  from space 3072K, 100% used [0x00000000f2200000,0x00000000f2500000,0x00000000f2500000)
  to   space 4096K, 0% used [0x00000000f4800000,0x00000000f4800000,0x00000000f4c00000)
 ParOldGen       total 22016K, used 7878K [0x00000000d0000000, 0x00000000d1580000, 0x00000000f0000000)
  object space 22016K, 35% used [0x00000000d0000000,0x00000000d07b1a50,0x00000000d1580000)
 Metaspace       used 15901K, capacity 16106K, committed 16384K, reserved 1064960K
  class space    used 1675K, capacity 1725K, committed 1792K, reserved 1048576K
Event: 1,355 GC heap after
Heap after GC invocations=8 (full 0):
 PSYoungGen      total 72704K, used 4096K [0x00000000f0000000, 0x00000000f4e00000, 0x0000000100000000)
  eden space 68608K, 0% used [0x00000000f0000000,0x00000000f0000000,0x00000000f4300000)
  from space 4096K, 100% used [0x00000000f4800000,0x00000000f4c00000,0x00000000f4c00000)
  to   space 5120K, 0% used [0x00000000f4300000,0x00000000f4300000,0x00000000f4800000)
 ParOldGen       total 22016K, used 9020K [0x00000000d0000000, 0x00000000d1580000, 0x00000000f0000000)
  object space 22016K, 40% used [0x00000000d0000000,0x00000000d08cf300,0x00000000d1580000)
 Metaspace       used 15901K, capacity 16106K, committed 16384K, reserved 1064960K
  class space    used 1675K, capacity 1725K, committed 1792K, reserved 1048576K
}
Event: 1,742 GC heap before
{Heap before GC invocations=9 (full 0):
 PSYoungGen      total 72704K, used 72704K [0x00000000f0000000, 0x00000000f4e00000, 0x0000000100000000)
  eden space 68608K, 100% used [0x00000000f0000000,0x00000000f4300000,0x00000000f4300000)
  from space 4096K, 100% used [0x00000000f4800000,0x00000000f4c00000,0x00000000f4c00000)
  to   space 5120K, 0% used [0x00000000f4300000,0x00000000f4300000,0x00000000f4800000)
 ParOldGen       total 22016K, used 9020K [0x00000000d0000000, 0x00000000d1580000, 0x00000000f0000000)
  object space 22016K, 40% used [0x00000000d0000000,0x00000000d08cf300,0x00000000d1580000)
 Metaspace       used 16517K, capacity 16944K, committed 17024K, reserved 1064960K
  class space    used 1741K, capacity 1887K, committed 1920K, reserved 1048576K
Event: 1,752 GC heap after
Heap after GC invocations=9 (full 0):
 PSYoungGen      total 73728K, used 5114K [0x00000000f0000000, 0x00000000f7880000, 0x0000000100000000)
  eden space 68608K, 0% used [0x00000000f0000000,0x00000000f0000000,0x00000000f4300000)
  from space 5120K, 99% used [0x00000000f4300000,0x00000000f47feaf0,0x00000000f4800000)
  to   space 6656K, 0% used [0x00000000f7200000,0x00000000f7200000,0x00000000f7880000)
 ParOldGen       total 22016K, used 10798K [0x00000000d0000000, 0x00000000d1580000, 0x00000000f0000000)
  object space 22016K, 49% used [0x00000000d0000000,0x00000000d0a8bb70,0x00000000d1580000)
 Metaspace       used 16517K, capacity 16944K, committed 17024K, reserved 1064960K
  class space    used 1741K, capacity 1887K, committed 1920K, reserved 1048576K
}
Event: 45,366 GC heap before
{Heap before GC invocations=10 (full 0):
 PSYoungGen      total 73728K, used 73722K [0x00000000f0000000, 0x00000000f7880000, 0x0000000100000000)
  eden space 68608K, 100% used [0x00000000f0000000,0x00000000f4300000,0x00000000f4300000)
  from space 5120K, 99% used [0x00000000f4300000,0x00000000f47feaf0,0x00000000f4800000)
  to   space 6656K, 0% used [0x00000000f7200000,0x00000000f7200000,0x00000000f7880000)
 ParOldGen       total 22016K, used 10798K [0x00000000d0000000, 0x00000000d1580000, 0x00000000f0000000)
  object space 22016K, 49% used [0x00000000d0000000,0x00000000d0a8bb70,0x00000000d1580000)
 Metaspace       used 17362K, capacity 18160K, committed 18176K, reserved 1064960K
  class space    used 1865K, capacity 2047K, committed 2048K, reserved 1048576K
Event: 45,377 GC heap after
Heap after GC invocations=10 (full 0):
 PSYoungGen      total 116736K, used 4416K [0x00000000f0000000, 0x00000000f7880000, 0x0000000100000000)
  eden space 110080K, 0% used [0x00000000f0000000,0x00000000f0000000,0x00000000f6b80000)
  from space 6656K, 66% used [0x00000000f7200000,0x00000000f7650010,0x00000000f7880000)
  to   space 6656K, 0% used [0x00000000f6b80000,0x00000000f6b80000,0x00000000f7200000)
 ParOldGen       total 22016K, used 13850K [0x00000000d0000000, 0x00000000d1580000, 0x00000000f0000000)
  object space 22016K, 62% used [0x00000000d0000000,0x00000000d0d86848,0x00000000d1580000)
 Metaspace       used 17362K, capacity 18160K, committed 18176K, reserved 1064960K
  class space    used 1865K, capacity 2047K, committed 2048K, reserved 1048576K
}

