# JRE version: Java(TM) SE Runtime Environment (8.0_25-b17) (build 1.8.0_25-b17)
# Java VM: Java HotSpot(TM) 64-Bit Server VM (25.25-b02 mixed mode linux-amd64 compressed oops)
Heap:
 PSYoungGen      total 115712K, used 5737K [0x00000000f0000000, 0x00000000f7880000, 0x0000000100000000)
  eden space 109568K, 1% used [0x00000000f0000000,0x00000000f013a630,0x00000000f6b00000)
  from space 6144K, 72% used [0x00000000f7180000,0x00000000f75e0010,0x00000000f7780000)
  to   space 6656K, 0% used [0x00000000f6b00000,0x00000000f6b00000,0x00000000f7180000)
 ParOldGen       total 22016K, used 13356K [0x00000000d0000000, 0x00000000d1580000, 0x00000000f0000000)
  object space 22016K, 60% used [0x00000000d0000000,0x00000000d0d0b250,0x00000000d1580000)
 Metaspace       used 17630K, capacity 18416K, committed 18432K, reserved 1064960K
  class space    used 1871K, capacity 2047K, committed 2048K, reserved 1048576K
GC Heap History (10 events):
Event: 0,974 GC heap before
{Heap before GC invocations=6 (full 0):
 PSYoungGen      total 18432K, used 18432K [0x00000000f0000000, 0x00000000f2800000, 0x0000000100000000)
  eden space 17408K, 100% used [0x00000000f0000000,0x00000000f1100000,0x00000000f1100000)
  from space 1024K, 100% used [0x00000000f1100000,0x00000000f1200000,0x00000000f1200000)
  to   space 3072K, 0% used [0x00000000f2500000,0x00000000f2500000,0x00000000f2800000)
 ParOldGen       total 22016K, used 6237K [0x00000000d0000000, 0x00000000d1580000, 0x00000000f0000000)
  object space 22016K, 28% used [0x00000000d0000000,0x00000000d0617580,0x00000000d1580000)
 Metaspace       used 15593K, capacity 15722K, committed 15872K, reserved 1062912K
  class space    used 1668K, capacity 1725K, committed 1792K, reserved 1048576K
Event: 0,979 GC heap after
Heap after GC invocations=6 (full 0):
 PSYoungGen      total 37888K, used 2080K [0x00000000f0000000, 0x00000000f2800000, 0x0000000100000000)
  eden space 34816K, 0% used [0x00000000f0000000,0x00000000f0000000,0x00000000f2200000)
  from space 3072K, 67% used [0x00000000f2500000,0x00000000f2708000,0x00000000f2800000)
  to   space 3072K, 0% used [0x00000000f2200000,0x00000000f2200000,0x00000000f2500000)
 ParOldGen       total 22016K, used 6245K [0x00000000d0000000, 0x00000000d1580000, 0x00000000f0000000)
  object space 22016K, 28% used [0x00000000d0000000,0x00000000d0619580,0x00000000d1580000)
 Metaspace       used 15593K, capacity 15722K, committed 15872K, reserved 1062912K
  class space    used 1668K, capacity 1725K, committed 1792K, reserved 1048576K
}
Event: 1,145 GC heap before
{Heap before GC invocations=7 (full 0):
 PSYoungGen      total 37888K, used 36896K [0x00000000f0000000, 0x00000000f2800000, 0x0000000100000000)
  eden space 34816K, 100% used [0x00000000f0000000,0x00000000f2200000,0x00000000f2200000)
  from space 3072K, 67% used [0x00000000f2500000,0x00000000f2708000,0x00000000f2800000)
  to   space 3072K, 0% used [0x00000000f2200000,0x00000000f2200000,0x00000000f2500000)
 ParOldGen       total 22016K, used 6245K [0x00000000d0000000, 0x00000000d1580000, 0x00000000f0000000)
  object space 22016K, 28% used [0x00000000d0000000,0x00000000d0619580,0x00000000d1580000)
 Metaspace       used 15809K, capacity 16042K, committed 16384K, reserved 1064960K
  class space    used 1672K, capacity 1725K, committed 1792K, reserved 1048576K
Event: 1,152 GC heap after
Heap after GC invocations=7 (full 0):
 PSYoungGen      total 37888K, used 3072K [0x00000000f0000000, 0x00000000f4c00000, 0x0000000100000000)
  eden space 34816K, 0% used [0x00000000f0000000,0x00000000f0000000,0x00000000f2200000)
  from space 3072K, 100% used [0x00000000f2200000,0x00000000f2500000,0x00000000f2500000)
  to   space 4096K, 0% used [0x00000000f4800000,0x00000000f4800000,0x00000000f4c00000)
 ParOldGen       total 22016K, used 7282K [0x00000000d0000000, 0x00000000d1580000, 0x00000000f0000000)
  object space 22016K, 33% used [0x00000000d0000000,0x00000000d071c948,0x00000000d1580000)
 Metaspace       used 15809K, capacity 16042K, committed 16384K, reserved 1064960K
  class space    used 1672K, capacity 1725K, committed 1792K, reserved 1048576K
}
Event: 1,262 GC heap before
{Heap before GC invocations=8 (full 0):
 PSYoungGen      total 37888K, used 37888K [0x00000000f0000000, 0x00000000f4c00000, 0x0000000100000000)
  eden space 34816K, 100% used [0x00000000f0000000,0x00000000f2200000,0x00000000f2200000)
  from space 3072K, 100% used [0x00000000f2200000,0x00000000f2500000,0x00000000f2500000)
  to   space 4096K, 0% used [0x00000000f4800000,0x00000000f4800000,0x00000000f4c00000)
 ParOldGen       total 22016K, used 7282K [0x00000000d0000000, 0x00000000d1580000, 0x00000000f0000000)
  object space 22016K, 33% used [0x00000000d0000000,0x00000000d071c948,0x00000000d1580000)
 Metaspace       used 15879K, capacity 16042K, committed 16384K, reserved 1064960K
  class space    used 1672K, capacity 1725K, committed 1792K, reserved 1048576K
Event: 1,268 GC heap after
Heap after GC invocations=8 (full 0):
 PSYoungGen      total 72704K, used 4096K [0x00000000f0000000, 0x00000000f4e00000, 0x0000000100000000)
  eden space 68608K, 0% used [0x00000000f0000000,0x00000000f0000000,0x00000000f4300000)
  from space 4096K, 100% used [0x00000000f4800000,0x00000000f4c00000,0x00000000f4c00000)
  to   space 5120K, 0% used [0x00000000f4300000,0x00000000f4300000,0x00000000f4800000)
 ParOldGen       total 22016K, used 8446K [0x00000000d0000000, 0x00000000d1580000, 0x00000000f0000000)
  object space 22016K, 38% used [0x00000000d0000000,0x00000000d083f988,0x00000000d1580000)
 Metaspace       used 15879K, capacity 16042K, committed 16384K, reserved 1064960K
  class space    used 1672K, capacity 1725K, committed 1792K, reserved 1048576K
}
Event: 1,547 GC heap before
{Heap before GC invocations=9 (full 0):
 PSYoungGen      total 72704K, used 72704K [0x00000000f0000000, 0x00000000f4e00000, 0x0000000100000000)
  eden space 68608K, 100% used [0x00000000f0000000,0x00000000f4300000,0x00000000f4300000)
  from space 4096K, 100% used [0x00000000f4800000,0x00000000f4c00000,0x00000000f4c00000)
  to   space 5120K, 0% used [0x00000000f4300000,0x00000000f4300000,0x00000000f4800000)
 ParOldGen       total 22016K, used 8446K [0x00000000d0000000, 0x00000000d1580000, 0x00000000f0000000)
  object space 22016K, 38% used [0x00000000d0000000,0x00000000d083f988,0x00000000d1580000)
 Metaspace       used 16526K, capacity 16944K, committed 17024K, reserved 1064960K
  class space    used 1740K, capacity 1887K, committed 1920K, reserved 1048576K
Event: 1,561 GC heap after
Heap after GC invocations=9 (full 0):
 PSYoungGen      total 73728K, used 5120K [0x00000000f0000000, 0x00000000f7780000, 0x0000000100000000)
  eden space 68608K, 0% used [0x00000000f0000000,0x00000000f0000000,0x00000000f4300000)
  from space 5120K, 100% used [0x00000000f4300000,0x00000000f4800000,0x00000000f4800000)
  to   space 6144K, 0% used [0x00000000f7180000,0x00000000f7180000,0x00000000f7780000)
 ParOldGen       total 22016K, used 10253K [0x00000000d0000000, 0x00000000d1580000, 0x00000000f0000000)
  object space 22016K, 46% used [0x00000000d0000000,0x00000000d0a03718,0x00000000d1580000)
 Metaspace       used 16526K, capacity 16944K, committed 17024K, reserved 1064960K
  class space    used 1740K, capacity 1887K, committed 1920K, reserved 1048576K
}
Event: 92,467 GC heap before
{Heap before GC invocations=10 (full 0):
 PSYoungGen      total 73728K, used 73728K [0x00000000f0000000, 0x00000000f7780000, 0x0000000100000000)
  eden space 68608K, 100% used [0x00000000f0000000,0x00000000f4300000,0x00000000f4300000)
  from space 5120K, 100% used [0x00000000f4300000,0x00000000f4800000,0x00000000f4800000)
  to   space 6144K, 0% used [0x00000000f7180000,0x00000000f7180000,0x00000000f7780000)
 ParOldGen       total 22016K, used 10253K [0x00000000d0000000, 0x00000000d1580000, 0x00000000f0000000)
  object space 22016K, 46% used [0x00000000d0000000,0x00000000d0a03718,0x00000000d1580000)
 Metaspace       used 17602K, capacity 18416K, committed 18432K, reserved 1064960K
  class space    used 1868K, capacity 2047K, committed 2048K, reserved 1048576K
Event: 92,480 GC heap after
Heap after GC invocations=10 (full 0):
 PSYoungGen      total 115712K, used 4480K [0x00000000f0000000, 0x00000000f7880000, 0x0000000100000000)
  eden space 109568K, 0% used [0x00000000f0000000,0x00000000f0000000,0x00000000f6b00000)
  from space 6144K, 72% used [0x00000000f7180000,0x00000000f75e0010,0x00000000f7780000)
  to   space 6656K, 0% used [0x00000000f6b00000,0x00000000f6b00000,0x00000000f7180000)
 ParOldGen       total 22016K, used 13356K [0x00000000d0000000, 0x00000000d1580000, 0x00000000f0000000)
  object space 22016K, 60% used [0x00000000d0000000,0x00000000d0d0b250,0x00000000d1580000)
 Metaspace       used 17602K, capacity 18416K, committed 18432K, reserved 1064960K
  class space    used 1868K, capacity 2047K, committed 2048K, reserved 1048576K
}

