# JRE version: Java(TM) SE Runtime Environment (8.0_25-b17) (build 1.8.0_25-b17)
# Java VM: Java HotSpot(TM) 64-Bit Server VM (25.25-b02 mixed mode linux-amd64 compressed oops)
Heap:
 PSYoungGen      total 244224K, used 84950K [0x00000000eab00000, 0x00000000fba00000, 0x0000000100000000)
  eden space 230400K, 30% used [0x00000000eab00000,0x00000000ef0781d0,0x00000000f8c00000)
  from space 13824K, 99% used [0x00000000f9f80000,0x00000000facfd838,0x00000000fad00000)
  to   space 19968K, 0% used [0x00000000f8c00000,0x00000000f8c00000,0x00000000f9f80000)
 ParOldGen       total 66048K, used 45131K [0x00000000c0000000, 0x00000000c4080000, 0x00000000eab00000)
  object space 66048K, 68% used [0x00000000c0000000,0x00000000c2c12e88,0x00000000c4080000)
 Metaspace       used 57035K, capacity 63156K, committed 63488K, reserved 1103872K
  class space    used 7165K, capacity 8873K, committed 8960K, reserved 1048576K
GC Heap History (10 events):
Event: 18,899 GC heap before
{Heap before GC invocations=21 (full 2):
 PSYoungGen      total 184832K, used 177435K [0x00000000eab00000, 0x00000000f6a80000, 0x0000000100000000)
  eden space 176640K, 100% used [0x00000000eab00000,0x00000000f5780000,0x00000000f5780000)
  from space 8192K, 9% used [0x00000000f6280000,0x00000000f6346e10,0x00000000f6a80000)
  to   space 9728K, 0% used [0x00000000f5780000,0x00000000f5780000,0x00000000f6100000)
 ParOldGen       total 51200K, used 25392K [0x00000000c0000000, 0x00000000c3200000, 0x00000000eab00000)
  object space 51200K, 49% used [0x00000000c0000000,0x00000000c18cc030,0x00000000c3200000)
 Metaspace       used 32865K, capacity 36376K, committed 36608K, reserved 1081344K
  class space    used 3546K, capacity 4533K, committed 4608K, reserved 1048576K
Event: 18,912 GC heap after
Heap after GC invocations=21 (full 2):
 PSYoungGen      total 186368K, used 9719K [0x00000000eab00000, 0x00000000f8e00000, 0x0000000100000000)
  eden space 176640K, 0% used [0x00000000eab00000,0x00000000eab00000,0x00000000f5780000)
  from space 9728K, 99% used [0x00000000f5780000,0x00000000f60fdf90,0x00000000f6100000)
  to   space 12288K, 0% used [0x00000000f8200000,0x00000000f8200000,0x00000000f8e00000)
 ParOldGen       total 51200K, used 27021K [0x00000000c0000000, 0x00000000c3200000, 0x00000000eab00000)
  object space 51200K, 52% used [0x00000000c0000000,0x00000000c1a63748,0x00000000c3200000)
 Metaspace       used 32865K, capacity 36376K, committed 36608K, reserved 1081344K
  class space    used 3546K, capacity 4533K, committed 4608K, reserved 1048576K
}
Event: 19,622 GC heap before
{Heap before GC invocations=22 (full 2):
 PSYoungGen      total 186368K, used 34186K [0x00000000eab00000, 0x00000000f8e00000, 0x0000000100000000)
  eden space 176640K, 13% used [0x00000000eab00000,0x00000000ec2e4a18,0x00000000f5780000)
  from space 9728K, 99% used [0x00000000f5780000,0x00000000f60fdf90,0x00000000f6100000)
  to   space 12288K, 0% used [0x00000000f8200000,0x00000000f8200000,0x00000000f8e00000)
 ParOldGen       total 51200K, used 27021K [0x00000000c0000000, 0x00000000c3200000, 0x00000000eab00000)
  object space 51200K, 52% used [0x00000000c0000000,0x00000000c1a63748,0x00000000c3200000)
 Metaspace       used 34798K, capacity 38154K, committed 38268K, reserved 1083392K
  class space    used 3884K, capacity 4825K, committed 4864K, reserved 1048576K
Event: 19,629 GC heap after
Heap after GC invocations=22 (full 2):
 PSYoungGen      total 220672K, used 1600K [0x00000000eab00000, 0x00000000f8e80000, 0x0000000100000000)
  eden space 208384K, 0% used [0x00000000eab00000,0x00000000eab00000,0x00000000f7680000)
  from space 12288K, 13% used [0x00000000f8200000,0x00000000f8390010,0x00000000f8e00000)
  to   space 11776K, 0% used [0x00000000f7680000,0x00000000f7680000,0x00000000f8200000)
 ParOldGen       total 51200K, used 35252K [0x00000000c0000000, 0x00000000c3200000, 0x00000000eab00000)
  object space 51200K, 68% used [0x00000000c0000000,0x00000000c226d1b8,0x00000000c3200000)
 Metaspace       used 34798K, capacity 38154K, committed 38268K, reserved 1083392K
  class space    used 3884K, capacity 4825K, committed 4864K, reserved 1048576K
}
Event: 19,629 GC heap before
{Heap before GC invocations=23 (full 3):
 PSYoungGen      total 220672K, used 1600K [0x00000000eab00000, 0x00000000f8e80000, 0x0000000100000000)
  eden space 208384K, 0% used [0x00000000eab00000,0x00000000eab00000,0x00000000f7680000)
  from space 12288K, 13% used [0x00000000f8200000,0x00000000f8390010,0x00000000f8e00000)
  to   space 11776K, 0% used [0x00000000f7680000,0x00000000f7680000,0x00000000f8200000)
 ParOldGen       total 51200K, used 35252K [0x00000000c0000000, 0x00000000c3200000, 0x00000000eab00000)
  object space 51200K, 68% used [0x00000000c0000000,0x00000000c226d1b8,0x00000000c3200000)
 Metaspace       used 34798K, capacity 38154K, committed 38268K, reserved 1083392K
  class space    used 3884K, capacity 4825K, committed 4864K, reserved 1048576K
Event: 19,751 GC heap after
Heap after GC invocations=23 (full 3):
 PSYoungGen      total 220672K, used 0K [0x00000000eab00000, 0x00000000f8e80000, 0x0000000100000000)
  eden space 208384K, 0% used [0x00000000eab00000,0x00000000eab00000,0x00000000f7680000)
  from space 12288K, 0% used [0x00000000f8200000,0x00000000f8200000,0x00000000f8e00000)
  to   space 11776K, 0% used [0x00000000f7680000,0x00000000f7680000,0x00000000f8200000)
 ParOldGen       total 66048K, used 31255K [0x00000000c0000000, 0x00000000c4080000, 0x00000000eab00000)
  object space 66048K, 47% used [0x00000000c0000000,0x00000000c1e85e10,0x00000000c4080000)
 Metaspace       used 34798K, capacity 38154K, committed 38268K, reserved 1083392K
  class space    used 3884K, capacity 4825K, committed 4864K, reserved 1048576K
}
Event: 24,348 GC heap before
{Heap before GC invocations=24 (full 3):
 PSYoungGen      total 220672K, used 208384K [0x00000000eab00000, 0x00000000f8e80000, 0x0000000100000000)
  eden space 208384K, 100% used [0x00000000eab00000,0x00000000f7680000,0x00000000f7680000)
  from space 12288K, 0% used [0x00000000f8200000,0x00000000f8200000,0x00000000f8e00000)
  to   space 11776K, 0% used [0x00000000f7680000,0x00000000f7680000,0x00000000f8200000)
 ParOldGen       total 66048K, used 31255K [0x00000000c0000000, 0x00000000c4080000, 0x00000000eab00000)
  object space 66048K, 47% used [0x00000000c0000000,0x00000000c1e85e10,0x00000000c4080000)
 Metaspace       used 42902K, capacity 46990K, committed 47104K, reserved 1089536K
  class space    used 5210K, capacity 6381K, committed 6400K, reserved 1048576K
Event: 24,359 GC heap after
Heap after GC invocations=24 (full 3):
 PSYoungGen      total 220160K, used 11603K [0x00000000eab00000, 0x00000000fad00000, 0x0000000100000000)
  eden space 208384K, 0% used [0x00000000eab00000,0x00000000eab00000,0x00000000f7680000)
  from space 11776K, 98% used [0x00000000f7680000,0x00000000f81d4cf0,0x00000000f8200000)
  to   space 13824K, 0% used [0x00000000f9f80000,0x00000000f9f80000,0x00000000fad00000)
 ParOldGen       total 66048K, used 35567K [0x00000000c0000000, 0x00000000c4080000, 0x00000000eab00000)
  object space 66048K, 53% used [0x00000000c0000000,0x00000000c22bbc40,0x00000000c4080000)
 Metaspace       used 42902K, capacity 46990K, committed 47104K, reserved 1089536K
  class space    used 5210K, capacity 6381K, committed 6400K, reserved 1048576K
}
Event: 26,819 GC heap before
{Heap before GC invocations=25 (full 3):
 PSYoungGen      total 220160K, used 219987K [0x00000000eab00000, 0x00000000fad00000, 0x0000000100000000)
  eden space 208384K, 100% used [0x00000000eab00000,0x00000000f7680000,0x00000000f7680000)
  from space 11776K, 98% used [0x00000000f7680000,0x00000000f81d4cf0,0x00000000f8200000)
  to   space 13824K, 0% used [0x00000000f9f80000,0x00000000f9f80000,0x00000000fad00000)
 ParOldGen       total 66048K, used 35567K [0x00000000c0000000, 0x00000000c4080000, 0x00000000eab00000)
  object space 66048K, 53% used [0x00000000c0000000,0x00000000c22bbc40,0x00000000c4080000)
 Metaspace       used 53020K, capacity 58784K, committed 59008K, reserved 1099776K
  class space    used 6595K, capacity 8223K, committed 8320K, reserved 1048576K
Event: 26,836 GC heap after
Heap after GC invocations=25 (full 3):
 PSYoungGen      total 244224K, used 13814K [0x00000000eab00000, 0x00000000fba00000, 0x0000000100000000)
  eden space 230400K, 0% used [0x00000000eab00000,0x00000000eab00000,0x00000000f8c00000)
  from space 13824K, 99% used [0x00000000f9f80000,0x00000000facfd838,0x00000000fad00000)
  to   space 19968K, 0% used [0x00000000f8c00000,0x00000000f8c00000,0x00000000f9f80000)
 ParOldGen       total 66048K, used 45131K [0x00000000c0000000, 0x00000000c4080000, 0x00000000eab00000)
  object space 66048K, 68% used [0x00000000c0000000,0x00000000c2c12e88,0x00000000c4080000)
 Metaspace       used 53020K, capacity 58784K, committed 59008K, reserved 1099776K
  class space    used 6595K, capacity 8223K, committed 8320K, reserved 1048576K
}

