# JRE version: Java(TM) SE Runtime Environment (8.0_25-b17) (build 1.8.0_25-b17)
# Java VM: Java HotSpot(TM) 64-Bit Server VM (25.25-b02 mixed mode linux-amd64 compressed oops)
Heap:
 PSYoungGen      total 224768K, used 144462K [0x00000000eab00000, 0x00000000fa680000, 0x0000000100000000)
  eden space 209920K, 61% used [0x00000000eab00000,0x00000000f2999b68,0x00000000f7800000)
  from space 14848K, 99% used [0x00000000f8c80000,0x00000000f9afa050,0x00000000f9b00000)
  to   space 20992K, 0% used [0x00000000f7800000,0x00000000f7800000,0x00000000f8c80000)
 ParOldGen       total 65536K, used 43930K [0x00000000c0000000, 0x00000000c4000000, 0x00000000eab00000)
  object space 65536K, 67% used [0x00000000c0000000,0x00000000c2ae6a70,0x00000000c4000000)
 Metaspace       used 57911K, capacity 64304K, committed 64600K, reserved 1105920K
  class space    used 7263K, capacity 8946K, committed 9048K, reserved 1048576K
GC Heap History (10 events):
Event: 18,017 GC heap before
{Heap before GC invocations=21 (full 2):
 PSYoungGen      total 171520K, used 163136K [0x00000000eab00000, 0x00000000f5d00000, 0x0000000100000000)
  eden space 162816K, 100% used [0x00000000eab00000,0x00000000f4a00000,0x00000000f4a00000)
  from space 8704K, 3% used [0x00000000f5480000,0x00000000f54d0000,0x00000000f5d00000)
  to   space 9728K, 0% used [0x00000000f4a00000,0x00000000f4a00000,0x00000000f5380000)
 ParOldGen       total 52224K, used 25590K [0x00000000c0000000, 0x00000000c3300000, 0x00000000eab00000)
  object space 52224K, 49% used [0x00000000c0000000,0x00000000c18fda20,0x00000000c3300000)
 Metaspace       used 33072K, capacity 36312K, committed 36608K, reserved 1081344K
  class space    used 3538K, capacity 4483K, committed 4608K, reserved 1048576K
Event: 18,031 GC heap after
Heap after GC invocations=21 (full 2):
 PSYoungGen      total 172544K, used 8905K [0x00000000eab00000, 0x00000000f7980000, 0x0000000100000000)
  eden space 162816K, 0% used [0x00000000eab00000,0x00000000eab00000,0x00000000f4a00000)
  from space 9728K, 91% used [0x00000000f4a00000,0x00000000f52b24e0,0x00000000f5380000)
  to   space 11264K, 0% used [0x00000000f6e80000,0x00000000f6e80000,0x00000000f7980000)
 ParOldGen       total 52224K, used 25598K [0x00000000c0000000, 0x00000000c3300000, 0x00000000eab00000)
  object space 52224K, 49% used [0x00000000c0000000,0x00000000c18ffa20,0x00000000c3300000)
 Metaspace       used 33072K, capacity 36312K, committed 36608K, reserved 1081344K
  class space    used 3538K, capacity 4483K, committed 4608K, reserved 1048576K
}
Event: 19,418 GC heap before
{Heap before GC invocations=22 (full 2):
 PSYoungGen      total 172544K, used 75277K [0x00000000eab00000, 0x00000000f7980000, 0x0000000100000000)
  eden space 162816K, 40% used [0x00000000eab00000,0x00000000eebd1188,0x00000000f4a00000)
  from space 9728K, 91% used [0x00000000f4a00000,0x00000000f52b24e0,0x00000000f5380000)
  to   space 11264K, 0% used [0x00000000f6e80000,0x00000000f6e80000,0x00000000f7980000)
 ParOldGen       total 52224K, used 25598K [0x00000000c0000000, 0x00000000c3300000, 0x00000000eab00000)
  object space 52224K, 49% used [0x00000000c0000000,0x00000000c18ffa20,0x00000000c3300000)
 Metaspace       used 36485K, capacity 39834K, committed 39896K, reserved 1083392K
  class space    used 4101K, capacity 5023K, committed 5080K, reserved 1048576K
Event: 19,445 GC heap after
Heap after GC invocations=22 (full 2):
 PSYoungGen      total 198144K, used 11240K [0x00000000eab00000, 0x00000000f8380000, 0x0000000100000000)
  eden space 186880K, 0% used [0x00000000eab00000,0x00000000eab00000,0x00000000f6180000)
  from space 11264K, 99% used [0x00000000f6e80000,0x00000000f797a398,0x00000000f7980000)
  to   space 13312K, 0% used [0x00000000f6180000,0x00000000f6180000,0x00000000f6e80000)
 ParOldGen       total 52224K, used 26059K [0x00000000c0000000, 0x00000000c3300000, 0x00000000eab00000)
  object space 52224K, 49% used [0x00000000c0000000,0x00000000c1972f58,0x00000000c3300000)
 Metaspace       used 36485K, capacity 39834K, committed 39896K, reserved 1083392K
  class space    used 4101K, capacity 5023K, committed 5080K, reserved 1048576K
}
Event: 19,445 GC heap before
{Heap before GC invocations=23 (full 3):
 PSYoungGen      total 198144K, used 11240K [0x00000000eab00000, 0x00000000f8380000, 0x0000000100000000)
  eden space 186880K, 0% used [0x00000000eab00000,0x00000000eab00000,0x00000000f6180000)
  from space 11264K, 99% used [0x00000000f6e80000,0x00000000f797a398,0x00000000f7980000)
  to   space 13312K, 0% used [0x00000000f6180000,0x00000000f6180000,0x00000000f6e80000)
 ParOldGen       total 52224K, used 26059K [0x00000000c0000000, 0x00000000c3300000, 0x00000000eab00000)
  object space 52224K, 49% used [0x00000000c0000000,0x00000000c1972f58,0x00000000c3300000)
 Metaspace       used 36485K, capacity 39834K, committed 39896K, reserved 1083392K
  class space    used 4101K, capacity 5023K, committed 5080K, reserved 1048576K
Event: 19,563 GC heap after
Heap after GC invocations=23 (full 3):
 PSYoungGen      total 198144K, used 0K [0x00000000eab00000, 0x00000000f8380000, 0x0000000100000000)
  eden space 186880K, 0% used [0x00000000eab00000,0x00000000eab00000,0x00000000f6180000)
  from space 11264K, 0% used [0x00000000f6e80000,0x00000000f6e80000,0x00000000f7980000)
  to   space 13312K, 0% used [0x00000000f6180000,0x00000000f6180000,0x00000000f6e80000)
 ParOldGen       total 65536K, used 32134K [0x00000000c0000000, 0x00000000c4000000, 0x00000000eab00000)
  object space 65536K, 49% used [0x00000000c0000000,0x00000000c1f61a88,0x00000000c4000000)
 Metaspace       used 36485K, capacity 39834K, committed 39896K, reserved 1083392K
  class space    used 4101K, capacity 5023K, committed 5080K, reserved 1048576K
}
Event: 23,644 GC heap before
{Heap before GC invocations=24 (full 3):
 PSYoungGen      total 198144K, used 186880K [0x00000000eab00000, 0x00000000f8380000, 0x0000000100000000)
  eden space 186880K, 100% used [0x00000000eab00000,0x00000000f6180000,0x00000000f6180000)
  from space 11264K, 0% used [0x00000000f6e80000,0x00000000f6e80000,0x00000000f7980000)
  to   space 13312K, 0% used [0x00000000f6180000,0x00000000f6180000,0x00000000f6e80000)
 ParOldGen       total 65536K, used 32134K [0x00000000c0000000, 0x00000000c4000000, 0x00000000eab00000)
  object space 65536K, 49% used [0x00000000c0000000,0x00000000c1f61a88,0x00000000c4000000)
 Metaspace       used 44373K, capacity 48942K, committed 49240K, reserved 1091584K
  class space    used 5421K, capacity 6693K, committed 6744K, reserved 1048576K
Event: 23,654 GC heap after
Heap after GC invocations=24 (full 3):
 PSYoungGen      total 200192K, used 11649K [0x00000000eab00000, 0x00000000f9b00000, 0x0000000100000000)
  eden space 186880K, 0% used [0x00000000eab00000,0x00000000eab00000,0x00000000f6180000)
  from space 13312K, 87% used [0x00000000f6180000,0x00000000f6ce0550,0x00000000f6e80000)
  to   space 14848K, 0% used [0x00000000f8c80000,0x00000000f8c80000,0x00000000f9b00000)
 ParOldGen       total 65536K, used 34420K [0x00000000c0000000, 0x00000000c4000000, 0x00000000eab00000)
  object space 65536K, 52% used [0x00000000c0000000,0x00000000c219d0c0,0x00000000c4000000)
 Metaspace       used 44373K, capacity 48942K, committed 49240K, reserved 1091584K
  class space    used 5421K, capacity 6693K, committed 6744K, reserved 1048576K
}
Event: 25,932 GC heap before
{Heap before GC invocations=25 (full 3):
 PSYoungGen      total 200192K, used 198529K [0x00000000eab00000, 0x00000000f9b00000, 0x0000000100000000)
  eden space 186880K, 100% used [0x00000000eab00000,0x00000000f6180000,0x00000000f6180000)
  from space 13312K, 87% used [0x00000000f6180000,0x00000000f6ce0550,0x00000000f6e80000)
  to   space 14848K, 0% used [0x00000000f8c80000,0x00000000f8c80000,0x00000000f9b00000)
 ParOldGen       total 65536K, used 34420K [0x00000000c0000000, 0x00000000c4000000, 0x00000000eab00000)
  object space 65536K, 52% used [0x00000000c0000000,0x00000000c219d0c0,0x00000000c4000000)
 Metaspace       used 53049K, capacity 58824K, committed 59096K, reserved 1099776K
  class space    used 6558K, capacity 8127K, committed 8152K, reserved 1048576K
Event: 25,950 GC heap after
Heap after GC invocations=25 (full 3):
 PSYoungGen      total 224768K, used 14824K [0x00000000eab00000, 0x00000000fa680000, 0x0000000100000000)
  eden space 209920K, 0% used [0x00000000eab00000,0x00000000eab00000,0x00000000f7800000)
  from space 14848K, 99% used [0x00000000f8c80000,0x00000000f9afa050,0x00000000f9b00000)
  to   space 20992K, 0% used [0x00000000f7800000,0x00000000f7800000,0x00000000f8c80000)
 ParOldGen       total 65536K, used 43930K [0x00000000c0000000, 0x00000000c4000000, 0x00000000eab00000)
  object space 65536K, 67% used [0x00000000c0000000,0x00000000c2ae6a70,0x00000000c4000000)
 Metaspace       used 53049K, capacity 58824K, committed 59096K, reserved 1099776K
  class space    used 6558K, capacity 8127K, committed 8152K, reserved 1048576K
}

