# JRE version: Java(TM) SE Runtime Environment (8.0_25-b17) (build 1.8.0_25-b17)
# Java VM: Java HotSpot(TM) 64-Bit Server VM (25.25-b02 mixed mode linux-amd64 compressed oops)
Heap:
 PSYoungGen      total 116736K, used 6022K [0x00000000f0000000, 0x00000000f7880000, 0x0000000100000000)
  eden space 110080K, 1% used [0x00000000f0000000,0x00000000f0182da0,0x00000000f6b80000)
  from space 6656K, 67% used [0x00000000f7200000,0x00000000f765eb00,0x00000000f7880000)
  to   space 6656K, 0% used [0x00000000f6b80000,0x00000000f6b80000,0x00000000f7200000)
 ParOldGen       total 22016K, used 13420K [0x00000000d0000000, 0x00000000d1580000, 0x00000000f0000000)
  object space 22016K, 60% used [0x00000000d0000000,0x00000000d0d1b358,0x00000000d1580000)
 Metaspace       used 17391K, capacity 18166K, committed 18176K, reserved 1064960K
  class space    used 1866K, capacity 2048K, committed 2048K, reserved 1048576K
GC Heap History (10 events):
Event: 0,970 GC heap before
{Heap before GC invocations=6 (full 0):
 PSYoungGen      total 18432K, used 18432K [0x00000000f0000000, 0x00000000f2800000, 0x0000000100000000)
  eden space 17408K, 100% used [0x00000000f0000000,0x00000000f1100000,0x00000000f1100000)
  from space 1024K, 100% used [0x00000000f1100000,0x00000000f1200000,0x00000000f1200000)
  to   space 3072K, 0% used [0x00000000f2500000,0x00000000f2500000,0x00000000f2800000)
 ParOldGen       total 22016K, used 6323K [0x00000000d0000000, 0x00000000d1580000, 0x00000000f0000000)
  object space 22016K, 28% used [0x00000000d0000000,0x00000000d062cdc0,0x00000000d1580000)
 Metaspace       used 15597K, capacity 15722K, committed 15872K, reserved 1062912K
  class space    used 1671K, capacity 1725K, committed 1792K, reserved 1048576K
Event: 0,981 GC heap after
Heap after GC invocations=6 (full 0):
 PSYoungGen      total 37888K, used 2144K [0x00000000f0000000, 0x00000000f2800000, 0x0000000100000000)
  eden space 34816K, 0% used [0x00000000f0000000,0x00000000f0000000,0x00000000f2200000)
  from space 3072K, 69% used [0x00000000f2500000,0x00000000f2718000,0x00000000f2800000)
  to   space 3072K, 0% used [0x00000000f2200000,0x00000000f2200000,0x00000000f2500000)
 ParOldGen       total 22016K, used 6323K [0x00000000d0000000, 0x00000000d1580000, 0x00000000f0000000)
  object space 22016K, 28% used [0x00000000d0000000,0x00000000d062cdc0,0x00000000d1580000)
 Metaspace       used 15597K, capacity 15722K, committed 15872K, reserved 1062912K
  class space    used 1671K, capacity 1725K, committed 1792K, reserved 1048576K
}
Event: 1,149 GC heap before
{Heap before GC invocations=7 (full 0):
 PSYoungGen      total 37888K, used 36960K [0x00000000f0000000, 0x00000000f2800000, 0x0000000100000000)
  eden space 34816K, 100% used [0x00000000f0000000,0x00000000f2200000,0x00000000f2200000)
  from space 3072K, 69% used [0x00000000f2500000,0x00000000f2718000,0x00000000f2800000)
  to   space 3072K, 0% used [0x00000000f2200000,0x00000000f2200000,0x00000000f2500000)
 ParOldGen       total 22016K, used 6323K [0x00000000d0000000, 0x00000000d1580000, 0x00000000f0000000)
  object space 22016K, 28% used [0x00000000d0000000,0x00000000d062cdc0,0x00000000d1580000)
 Metaspace       used 15791K, capacity 15978K, committed 16128K, reserved 1062912K
  class space    used 1676K, capacity 1725K, committed 1792K, reserved 1048576K
Event: 1,155 GC heap after
Heap after GC invocations=7 (full 0):
 PSYoungGen      total 37888K, used 3072K [0x00000000f0000000, 0x00000000f4c00000, 0x0000000100000000)
  eden space 34816K, 0% used [0x00000000f0000000,0x00000000f0000000,0x00000000f2200000)
  from space 3072K, 100% used [0x00000000f2200000,0x00000000f2500000,0x00000000f2500000)
  to   space 4096K, 0% used [0x00000000f4800000,0x00000000f4800000,0x00000000f4c00000)
 ParOldGen       total 22016K, used 7277K [0x00000000d0000000, 0x00000000d1580000, 0x00000000f0000000)
  object space 22016K, 33% used [0x00000000d0000000,0x00000000d071b508,0x00000000d1580000)
 Metaspace       used 15791K, capacity 15978K, committed 16128K, reserved 1062912K
  class space    used 1676K, capacity 1725K, committed 1792K, reserved 1048576K
}
Event: 1,286 GC heap before
{Heap before GC invocations=8 (full 0):
 PSYoungGen      total 37888K, used 37888K [0x00000000f0000000, 0x00000000f4c00000, 0x0000000100000000)
  eden space 34816K, 100% used [0x00000000f0000000,0x00000000f2200000,0x00000000f2200000)
  from space 3072K, 100% used [0x00000000f2200000,0x00000000f2500000,0x00000000f2500000)
  to   space 4096K, 0% used [0x00000000f4800000,0x00000000f4800000,0x00000000f4c00000)
 ParOldGen       total 22016K, used 7277K [0x00000000d0000000, 0x00000000d1580000, 0x00000000f0000000)
  object space 22016K, 33% used [0x00000000d0000000,0x00000000d071b508,0x00000000d1580000)
 Metaspace       used 15864K, capacity 16042K, committed 16384K, reserved 1064960K
  class space    used 1676K, capacity 1725K, committed 1792K, reserved 1048576K
Event: 1,296 GC heap after
Heap after GC invocations=8 (full 0):
 PSYoungGen      total 72704K, used 4096K [0x00000000f0000000, 0x00000000f4e00000, 0x0000000100000000)
  eden space 68608K, 0% used [0x00000000f0000000,0x00000000f0000000,0x00000000f4300000)
  from space 4096K, 100% used [0x00000000f4800000,0x00000000f4c00000,0x00000000f4c00000)
  to   space 5120K, 0% used [0x00000000f4300000,0x00000000f4300000,0x00000000f4800000)
 ParOldGen       total 22016K, used 8504K [0x00000000d0000000, 0x00000000d1580000, 0x00000000f0000000)
  object space 22016K, 38% used [0x00000000d0000000,0x00000000d084e380,0x00000000d1580000)
 Metaspace       used 15864K, capacity 16042K, committed 16384K, reserved 1064960K
  class space    used 1676K, capacity 1725K, committed 1792K, reserved 1048576K
}
Event: 1,729 GC heap before
{Heap before GC invocations=9 (full 0):
 PSYoungGen      total 72704K, used 72704K [0x00000000f0000000, 0x00000000f4e00000, 0x0000000100000000)
  eden space 68608K, 100% used [0x00000000f0000000,0x00000000f4300000,0x00000000f4300000)
  from space 4096K, 100% used [0x00000000f4800000,0x00000000f4c00000,0x00000000f4c00000)
  to   space 5120K, 0% used [0x00000000f4300000,0x00000000f4300000,0x00000000f4800000)
 ParOldGen       total 22016K, used 8504K [0x00000000d0000000, 0x00000000d1580000, 0x00000000f0000000)
  object space 22016K, 38% used [0x00000000d0000000,0x00000000d084e380,0x00000000d1580000)
 Metaspace       used 16485K, capacity 16934K, committed 17024K, reserved 1064960K
  class space    used 1740K, capacity 1885K, committed 1920K, reserved 1048576K
Event: 1,738 GC heap after
Heap after GC invocations=9 (full 0):
 PSYoungGen      total 73728K, used 5098K [0x00000000f0000000, 0x00000000f7880000, 0x0000000100000000)
  eden space 68608K, 0% used [0x00000000f0000000,0x00000000f0000000,0x00000000f4300000)
  from space 5120K, 99% used [0x00000000f4300000,0x00000000f47fab00,0x00000000f4800000)
  to   space 6656K, 0% used [0x00000000f7200000,0x00000000f7200000,0x00000000f7880000)
 ParOldGen       total 22016K, used 10355K [0x00000000d0000000, 0x00000000d1580000, 0x00000000f0000000)
  object space 22016K, 47% used [0x00000000d0000000,0x00000000d0a1cf80,0x00000000d1580000)
 Metaspace       used 16485K, capacity 16934K, committed 17024K, reserved 1064960K
  class space    used 1740K, capacity 1885K, committed 1920K, reserved 1048576K
}
Event: 49,765 GC heap before
{Heap before GC invocations=10 (full 0):
 PSYoungGen      total 73728K, used 73706K [0x00000000f0000000, 0x00000000f7880000, 0x0000000100000000)
  eden space 68608K, 100% used [0x00000000f0000000,0x00000000f4300000,0x00000000f4300000)
  from space 5120K, 99% used [0x00000000f4300000,0x00000000f47fab00,0x00000000f4800000)
  to   space 6656K, 0% used [0x00000000f7200000,0x00000000f7200000,0x00000000f7880000)
 ParOldGen       total 22016K, used 10355K [0x00000000d0000000, 0x00000000d1580000, 0x00000000f0000000)
  object space 22016K, 47% used [0x00000000d0000000,0x00000000d0a1cf80,0x00000000d1580000)
 Metaspace       used 17351K, capacity 18160K, committed 18176K, reserved 1064960K
  class space    used 1864K, capacity 2047K, committed 2048K, reserved 1048576K
Event: 49,778 GC heap after
Heap after GC invocations=10 (full 0):
 PSYoungGen      total 116736K, used 4474K [0x00000000f0000000, 0x00000000f7880000, 0x0000000100000000)
  eden space 110080K, 0% used [0x00000000f0000000,0x00000000f0000000,0x00000000f6b80000)
  from space 6656K, 67% used [0x00000000f7200000,0x00000000f765eb00,0x00000000f7880000)
  to   space 6656K, 0% used [0x00000000f6b80000,0x00000000f6b80000,0x00000000f7200000)
 ParOldGen       total 22016K, used 13420K [0x00000000d0000000, 0x00000000d1580000, 0x00000000f0000000)
  object space 22016K, 60% used [0x00000000d0000000,0x00000000d0d1b358,0x00000000d1580000)
 Metaspace       used 17351K, capacity 18160K, committed 18176K, reserved 1064960K
  class space    used 1864K, capacity 2047K, committed 2048K, reserved 1048576K
}

